2025-08-31 23:22:26,905 - voice-intent - INFO - env_loaded
2025-08-31 23:22:26,921 - voice-intent - INFO - env_loaded
2025-08-31 23:22:26,923 - root - WARNING - ClickSend SMS not configured - missing environment variables or library
2025-08-31 23:22:27,023 - googleapiclient.discovery_cache - INFO - file_cache is only supported with oauth2client<4.0.0
2025-09-01 00:23:13,647 - watchfiles.main - INFO - 1 change detected
2025-09-01 00:24:08,500 - watchfiles.main - INFO - 1 change detected
2025-09-01 00:24:09,037 - watchfiles.main - INFO - 3 changes detected
2025-09-01 00:28:35,229 - watchfiles.main - INFO - 1 change detected
2025-09-01 00:28:35,922 - watchfiles.main - INFO - 3 changes detected
2025-09-01 00:31:36,374 - watchfiles.main - INFO - 1 change detected
2025-09-01 00:31:36,963 - watchfiles.main - INFO - 3 changes detected
2025-09-01 00:34:37,428 - watchfiles.main - INFO - 1 change detected
2025-09-01 00:34:38,027 - watchfiles.main - INFO - 3 changes detected
2025-09-01 00:37:38,724 - watchfiles.main - INFO - 1 change detected
2025-09-01 00:37:39,331 - watchfiles.main - INFO - 3 changes detected
2025-09-01 00:40:39,741 - watchfiles.main - INFO - 1 change detected
2025-09-01 00:40:40,349 - watchfiles.main - INFO - 3 changes detected
2025-09-01 00:43:41,071 - watchfiles.main - INFO - 1 change detected
2025-09-01 00:43:41,448 - watchfiles.main - INFO - 3 changes detected
2025-09-01 00:46:42,228 - watchfiles.main - INFO - 1 change detected
2025-09-01 00:46:42,598 - watchfiles.main - INFO - 3 changes detected
2025-09-01 00:49:43,039 - watchfiles.main - INFO - 1 change detected
2025-09-01 00:49:43,600 - watchfiles.main - INFO - 3 changes detected
2025-09-01 00:52:44,042 - watchfiles.main - INFO - 1 change detected
2025-09-01 00:52:44,823 - watchfiles.main - INFO - 3 changes detected
2025-09-01 00:55:45,093 - watchfiles.main - INFO - 1 change detected
2025-09-01 00:55:45,708 - watchfiles.main - INFO - 3 changes detected
2025-09-01 00:58:46,191 - watchfiles.main - INFO - 1 change detected
2025-09-01 00:58:46,788 - watchfiles.main - INFO - 3 changes detected
2025-09-01 01:55:28,040 - watchfiles.main - INFO - 1 change detected
2025-09-01 01:55:29,399 - watchfiles.main - INFO - 3 changes detected
2025-09-01 10:16:31,211 - watchfiles.main - INFO - 1 change detected
2025-09-01 10:16:32,023 - watchfiles.main - INFO - 3 changes detected
2025-09-01 10:17:51,333 - watchfiles.main - INFO - 1 change detected
2025-09-01 10:17:55,253 - watchfiles.main - INFO - 1 change detected
2025-09-01 10:18:00,901 - watchfiles.main - INFO - 1 change detected
2025-09-01 10:18:08,094 - watchfiles.main - INFO - 1 change detected
2025-09-01 10:18:13,801 - watchfiles.main - INFO - 1 change detected
2025-09-01 10:18:24,730 - watchfiles.main - INFO - 1 change detected
2025-09-01 10:18:43,561 - watchfiles.main - INFO - 3 changes detected
2025-09-01 10:18:46,500 - watchfiles.main - INFO - 1 change detected
2025-09-01 10:19:09,836 - watchfiles.main - INFO - 17 changes detected
2025-09-01 10:19:10,201 - watchfiles.main - INFO - 10 changes detected
2025-09-01 10:19:10,886 - watchfiles.main - INFO - 4 changes detected
2025-09-01 10:19:11,363 - watchfiles.main - INFO - 27 changes detected
2025-09-01 10:19:11,837 - watchfiles.main - INFO - 12 changes detected
2025-09-01 10:19:12,203 - watchfiles.main - INFO - 3 changes detected
2025-09-01 10:19:12,563 - watchfiles.main - INFO - 12 changes detected
2025-09-01 10:19:13,692 - watchfiles.main - INFO - 6 changes detected
2025-09-01 10:19:14,059 - watchfiles.main - INFO - 19 changes detected
2025-09-01 10:19:15,923 - watchfiles.main - INFO - 3 changes detected
2025-09-01 10:19:38,591 - watchfiles.main - INFO - 1 change detected
2025-09-01 10:19:39,279 - watchfiles.main - INFO - 3 changes detected
2025-09-01 10:20:09,919 - watchfiles.main - INFO - 1 change detected
2025-09-01 10:20:10,667 - watchfiles.main - INFO - 14 changes detected
2025-09-01 10:20:11,102 - watchfiles.main - INFO - 11 changes detected
2025-09-01 10:20:11,472 - watchfiles.main - INFO - 8 changes detected
2025-09-01 10:20:12,325 - watchfiles.main - INFO - 3 changes detected
2025-09-01 10:20:12,688 - watchfiles.main - INFO - 10 changes detected
2025-09-01 10:20:13,112 - watchfiles.main - INFO - 3 changes detected
2025-09-01 10:20:22,476 - watchfiles.main - INFO - 1 change detected
2025-09-01 10:20:23,065 - watchfiles.main - INFO - 15 changes detected
2025-09-01 10:20:23,434 - watchfiles.main - INFO - 2 changes detected
2025-09-01 10:20:24,546 - watchfiles.main - INFO - 13 changes detected
2025-09-01 10:20:28,806 - watchfiles.main - INFO - 1 change detected
2025-09-01 10:20:29,217 - watchfiles.main - INFO - 17 changes detected
2025-09-01 10:20:40,125 - watchfiles.main - INFO - 3 changes detected
2025-09-01 10:20:40,493 - watchfiles.main - INFO - 15 changes detected
2025-09-01 10:20:46,185 - watchfiles.main - INFO - 16 changes detected
2025-09-01 10:20:46,551 - watchfiles.main - INFO - 2 changes detected
2025-09-01 10:20:47,385 - watchfiles.main - INFO - 4 changes detected
2025-09-01 10:20:47,751 - watchfiles.main - INFO - 13 changes detected
2025-09-01 10:20:56,178 - watchfiles.main - INFO - 1 change detected
2025-09-01 10:20:56,550 - watchfiles.main - INFO - 17 changes detected
2025-09-01 10:20:57,444 - watchfiles.main - INFO - 10 changes detected
2025-09-01 10:21:02,395 - watchfiles.main - INFO - 1 change detected
2025-09-01 10:21:02,767 - watchfiles.main - INFO - 17 changes detected
2025-09-01 10:21:08,876 - watchfiles.main - INFO - 1 change detected
2025-09-01 10:21:09,500 - watchfiles.main - INFO - 15 changes detected
2025-09-01 10:21:09,869 - watchfiles.main - INFO - 10 changes detected
2025-09-01 10:21:10,767 - watchfiles.main - INFO - 1 change detected
2025-09-01 10:21:11,132 - watchfiles.main - INFO - 10 changes detected
2025-09-01 10:21:16,851 - watchfiles.main - INFO - 18 changes detected
2025-09-01 10:21:22,235 - watchfiles.main - INFO - 1 change detected
2025-09-01 10:21:22,598 - watchfiles.main - INFO - 17 changes detected
2025-09-01 10:21:27,623 - watchfiles.main - INFO - 1 change detected
2025-09-01 10:21:27,987 - watchfiles.main - INFO - 17 changes detected
2025-09-01 10:21:36,333 - watchfiles.main - INFO - 1 change detected
2025-09-01 10:21:36,696 - watchfiles.main - INFO - 17 changes detected
2025-09-01 10:21:37,656 - watchfiles.main - INFO - 2 changes detected
2025-09-01 10:21:38,018 - watchfiles.main - INFO - 7 changes detected
2025-09-01 10:21:43,903 - watchfiles.main - INFO - 3 changes detected
2025-09-01 10:21:47,033 - watchfiles.main - INFO - 1 change detected
2025-09-01 10:21:47,403 - watchfiles.main - INFO - 15 changes detected
2025-09-01 10:21:47,768 - watchfiles.main - INFO - 2 changes detected
2025-09-01 10:21:48,670 - watchfiles.main - INFO - 7 changes detected
2025-09-01 10:21:49,708 - watchfiles.main - INFO - 2 changes detected
2025-09-01 10:21:52,137 - watchfiles.main - INFO - 1 change detected
2025-09-01 10:21:52,503 - watchfiles.main - INFO - 15 changes detected
2025-09-01 10:21:52,864 - watchfiles.main - INFO - 10 changes detected
2025-09-01 10:21:57,434 - watchfiles.main - INFO - 1 change detected
2025-09-01 10:21:57,799 - watchfiles.main - INFO - 13 changes detected
2025-09-01 10:21:58,164 - watchfiles.main - INFO - 10 changes detected
2025-09-01 10:22:00,776 - watchfiles.main - INFO - 3 changes detected
2025-09-01 10:22:09,751 - watchfiles.main - INFO - 1 change detected
2025-09-01 10:22:10,332 - watchfiles.main - INFO - 15 changes detected
2025-09-01 10:22:10,690 - watchfiles.main - INFO - 2 changes detected
2025-09-01 10:22:11,360 - watchfiles.main - INFO - 2 changes detected
2025-09-01 10:22:11,725 - watchfiles.main - INFO - 20 changes detected
2025-09-01 10:22:13,516 - watchfiles.main - INFO - 3 changes detected
2025-09-01 10:22:23,994 - watchfiles.main - INFO - 1 change detected
2025-09-01 10:22:24,877 - watchfiles.main - INFO - 8 changes detected
2025-09-01 10:22:25,247 - watchfiles.main - INFO - 9 changes detected
2025-09-01 10:22:26,372 - watchfiles.main - INFO - 10 changes detected
2025-09-01 10:22:27,928 - watchfiles.main - INFO - 3 changes detected
2025-09-01 10:22:39,453 - watchfiles.main - INFO - 1 change detected
2025-09-01 10:22:40,089 - watchfiles.main - INFO - 3 changes detected
2025-09-01 10:23:25,179 - watchfiles.main - INFO - 10 changes detected
2025-09-01 10:25:08,870 - watchfiles.main - INFO - 1 change detected
2025-09-01 10:25:09,339 - watchfiles.main - INFO - 8 changes detected
2025-09-01 10:25:09,702 - watchfiles.main - INFO - 1 change detected
2025-09-01 10:25:11,935 - watchfiles.main - INFO - 3 changes detected
2025-09-01 10:25:13,373 - watchfiles.main - INFO - 1 change detected
2025-09-01 10:25:40,299 - watchfiles.main - INFO - 1 change detected
2025-09-01 10:25:41,095 - watchfiles.main - INFO - 3 changes detected
2025-09-01 10:26:09,723 - watchfiles.main - INFO - 15 changes detected
2025-09-01 10:26:49,547 - watchfiles.main - INFO - 1 change detected
2025-09-01 10:26:49,916 - watchfiles.main - INFO - 9 changes detected
2025-09-01 10:26:51,851 - watchfiles.main - INFO - 3 changes detected
2025-09-01 10:27:02,127 - watchfiles.main - INFO - 1 change detected
2025-09-01 10:27:02,484 - watchfiles.main - INFO - 13 changes detected
2025-09-01 10:27:02,852 - watchfiles.main - INFO - 2 changes detected
2025-09-01 10:27:03,751 - watchfiles.main - INFO - 10 changes detected
2025-09-01 10:27:04,572 - watchfiles.main - INFO - 3 changes detected
2025-09-01 10:27:07,669 - watchfiles.main - INFO - 1 change detected
2025-09-01 10:27:08,029 - watchfiles.main - INFO - 13 changes detected
2025-09-01 10:27:08,434 - watchfiles.main - INFO - 10 changes detected
2025-09-01 10:27:09,497 - watchfiles.main - INFO - 3 changes detected
2025-09-01 10:27:17,270 - watchfiles.main - INFO - 1 change detected
2025-09-01 10:27:18,031 - watchfiles.main - INFO - 13 changes detected
2025-09-01 10:27:18,407 - watchfiles.main - INFO - 3 changes detected
2025-09-01 10:27:19,139 - watchfiles.main - INFO - 2 changes detected
2025-09-01 10:27:19,501 - watchfiles.main - INFO - 7 changes detected
2025-09-01 10:27:20,984 - watchfiles.main - INFO - 3 changes detected
2025-09-01 10:27:30,049 - watchfiles.main - INFO - 1 change detected
2025-09-01 10:27:30,415 - watchfiles.main - INFO - 2 changes detected
2025-09-01 10:27:30,778 - watchfiles.main - INFO - 13 changes detected
2025-09-01 10:27:31,462 - watchfiles.main - INFO - 13 changes detected
2025-09-01 10:27:33,065 - watchfiles.main - INFO - 3 changes detected
2025-09-01 10:27:41,063 - watchfiles.main - INFO - 1 change detected
2025-09-01 10:27:41,429 - watchfiles.main - INFO - 15 changes detected
2025-09-01 10:27:47,363 - watchfiles.main - INFO - 1 change detected
2025-09-01 10:27:48,588 - watchfiles.main - INFO - 13 changes detected
2025-09-01 10:27:48,957 - watchfiles.main - INFO - 2 changes detected
2025-09-01 10:27:49,688 - watchfiles.main - INFO - 2 changes detected
2025-09-01 10:27:50,054 - watchfiles.main - INFO - 7 changes detected
2025-09-01 10:27:50,410 - watchfiles.main - INFO - 3 changes detected
2025-09-01 10:27:53,838 - watchfiles.main - INFO - 1 change detected
2025-09-01 10:27:54,199 - watchfiles.main - INFO - 1 change detected
2025-09-01 10:27:54,560 - watchfiles.main - INFO - 1 change detected
2025-09-01 10:27:56,271 - watchfiles.main - INFO - 1 change detected
2025-09-01 10:27:56,634 - watchfiles.main - INFO - 15 changes detected
2025-09-01 10:28:00,553 - watchfiles.main - INFO - 3 changes detected
2025-09-01 10:28:02,295 - watchfiles.main - INFO - 1 change detected
2025-09-01 10:28:02,672 - watchfiles.main - INFO - 15 changes detected
2025-09-01 10:28:05,483 - watchfiles.main - INFO - 3 changes detected
2025-09-01 10:28:12,568 - watchfiles.main - INFO - 1 change detected
2025-09-01 10:28:12,931 - watchfiles.main - INFO - 15 changes detected
2025-09-01 10:28:15,920 - watchfiles.main - INFO - 3 changes detected
2025-09-01 10:28:24,671 - watchfiles.main - INFO - 1 change detected
2025-09-01 10:28:25,076 - watchfiles.main - INFO - 13 changes detected
2025-09-01 10:28:25,435 - watchfiles.main - INFO - 2 changes detected
2025-09-01 10:28:26,179 - watchfiles.main - INFO - 7 changes detected
2025-09-01 10:28:27,892 - watchfiles.main - INFO - 3 changes detected
2025-09-01 10:28:32,243 - watchfiles.main - INFO - 1 change detected
2025-09-01 10:28:32,604 - watchfiles.main - INFO - 15 changes detected
2025-09-01 10:28:33,075 - watchfiles.main - INFO - 3 changes detected
2025-09-01 10:28:36,893 - watchfiles.main - INFO - 5 changes detected
2025-09-01 10:28:38,050 - watchfiles.main - INFO - 13 changes detected
2025-09-01 10:28:40,547 - watchfiles.main - INFO - 12 changes detected
2025-09-01 10:28:40,912 - watchfiles.main - INFO - 2 changes detected
2025-09-01 10:28:44,181 - watchfiles.main - INFO - 1 change detected
2025-09-01 10:28:44,865 - watchfiles.main - INFO - 13 changes detected
2025-09-01 10:28:45,239 - watchfiles.main - INFO - 10 changes detected
2025-09-01 10:28:46,079 - watchfiles.main - INFO - 4 changes detected
2025-09-01 10:28:46,447 - watchfiles.main - INFO - 13 changes detected
2025-09-01 10:28:47,126 - watchfiles.main - INFO - 1 change detected
2025-09-01 10:28:47,646 - watchfiles.main - INFO - 3 changes detected
2025-09-01 10:28:48,773 - watchfiles.main - INFO - 3 changes detected
2025-09-01 10:29:16,119 - watchfiles.main - INFO - 2 changes detected
2025-09-01 10:29:17,291 - watchfiles.main - INFO - 8 changes detected
2025-09-01 10:29:17,671 - watchfiles.main - INFO - 1 change detected
2025-09-01 10:29:18,362 - watchfiles.main - INFO - 3 changes detected
2025-09-01 10:29:18,725 - watchfiles.main - INFO - 32 changes detected
2025-09-01 10:29:23,125 - watchfiles.main - INFO - 3 changes detected
2025-09-01 10:30:22,242 - watchfiles.main - INFO - 1 change detected
2025-09-01 10:30:23,554 - watchfiles.main - INFO - 1 change detected
2025-09-01 10:30:23,951 - watchfiles.main - INFO - 8 changes detected
2025-09-01 10:30:24,687 - watchfiles.main - INFO - 13 changes detected
2025-09-01 10:30:26,368 - watchfiles.main - INFO - 1 change detected
2025-09-01 10:30:26,790 - watchfiles.main - INFO - 9 changes detected
2025-09-01 10:31:26,879 - watchfiles.main - INFO - 17 changes detected
2025-09-01 10:31:49,279 - watchfiles.main - INFO - 1 change detected
2025-09-01 10:31:49,645 - watchfiles.main - INFO - 3 changes detected
2025-09-01 10:32:23,236 - watchfiles.main - INFO - 1 change detected
2025-09-01 10:34:49,947 - watchfiles.main - INFO - 1 change detected
2025-09-01 10:34:50,650 - watchfiles.main - INFO - 3 changes detected
2025-09-01 10:35:18,590 - watchfiles.main - INFO - 17 changes detected
2025-09-01 10:35:19,114 - watchfiles.main - INFO - 10 changes detected
2025-09-01 10:35:19,694 - watchfiles.main - INFO - 5 changes detected
2025-09-01 10:35:20,067 - watchfiles.main - INFO - 28 changes detected
2025-09-01 10:35:20,437 - watchfiles.main - INFO - 11 changes detected
2025-09-01 10:35:21,395 - watchfiles.main - INFO - 8 changes detected
2025-09-01 10:35:21,758 - watchfiles.main - INFO - 25 changes detected
2025-09-01 10:35:23,467 - watchfiles.main - INFO - 1 change detected
2025-09-01 10:35:23,887 - watchfiles.main - INFO - 3 changes detected
2025-09-01 10:35:25,317 - watchfiles.main - INFO - 1 change detected
2025-09-01 10:35:28,934 - watchfiles.main - INFO - 7 changes detected
2025-09-01 10:35:45,715 - watchfiles.main - INFO - 3 changes detected
2025-09-01 10:36:20,333 - watchfiles.main - INFO - 5 changes detected
2025-09-01 10:36:20,700 - watchfiles.main - INFO - 16 changes detected
2025-09-01 10:36:29,091 - watchfiles.main - INFO - 8 changes detected
2025-09-01 10:36:29,457 - watchfiles.main - INFO - 25 changes detected
2025-09-01 10:37:49,018 - watchfiles.main - INFO - 1 change detected
2025-09-01 10:37:51,221 - watchfiles.main - INFO - 1 change detected
2025-09-01 10:37:52,617 - watchfiles.main - INFO - 3 changes detected
2025-09-01 10:37:58,314 - watchfiles.main - INFO - 5 changes detected
2025-09-01 10:37:58,678 - watchfiles.main - INFO - 1 change detected
2025-09-01 10:37:59,924 - watchfiles.main - INFO - 1 change detected
2025-09-01 10:38:21,946 - watchfiles.main - INFO - 11 changes detected
2025-09-01 10:38:22,686 - watchfiles.main - INFO - 3 changes detected
2025-09-01 10:38:25,090 - watchfiles.main - INFO - 1 change detected
2025-09-01 10:38:26,804 - watchfiles.main - INFO - 17 changes detected
2025-09-01 10:38:27,163 - watchfiles.main - INFO - 10 changes detected
2025-09-01 10:38:28,004 - watchfiles.main - INFO - 16 changes detected
2025-09-01 10:38:28,364 - watchfiles.main - INFO - 34 changes detected
2025-09-01 10:38:28,728 - watchfiles.main - INFO - 3 changes detected
2025-09-01 10:38:32,755 - watchfiles.main - INFO - 3 changes detected
2025-09-01 10:39:28,344 - watchfiles.main - INFO - 13 changes detected
2025-09-01 10:39:28,712 - watchfiles.main - INFO - 19 changes detected
2025-09-01 10:40:46,941 - watchfiles.main - INFO - 1 change detected
2025-09-01 10:40:47,571 - watchfiles.main - INFO - 1 change detected
2025-09-01 10:41:08,493 - watchfiles.main - INFO - 17 changes detected
2025-09-01 10:41:08,862 - watchfiles.main - INFO - 10 changes detected
2025-09-01 10:41:09,604 - watchfiles.main - INFO - 12 changes detected
2025-09-01 10:41:09,980 - watchfiles.main - INFO - 3 changes detected
2025-09-01 10:41:10,662 - watchfiles.main - INFO - 7 changes detected
2025-09-01 10:41:11,022 - watchfiles.main - INFO - 13 changes detected
2025-09-01 10:41:13,392 - watchfiles.main - INFO - 1 change detected
2025-09-01 10:43:54,324 - watchfiles.main - INFO - 1 change detected
2025-09-01 10:43:55,010 - watchfiles.main - INFO - 3 changes detected
2025-09-01 10:46:55,509 - watchfiles.main - INFO - 1 change detected
2025-09-01 10:46:56,117 - watchfiles.main - INFO - 3 changes detected
2025-09-01 10:49:32,792 - watchfiles.main - INFO - 9 changes detected
2025-09-01 10:49:33,895 - watchfiles.main - INFO - 16 changes detected
2025-09-01 10:49:39,195 - watchfiles.main - INFO - 3 changes detected
2025-09-01 10:49:42,975 - watchfiles.main - INFO - 1 change detected
2025-09-01 10:49:49,695 - watchfiles.main - INFO - 5 changes detected
2025-09-01 10:49:56,168 - watchfiles.main - INFO - 1 change detected
2025-09-01 10:49:56,745 - watchfiles.main - INFO - 1 change detected
2025-09-01 10:49:57,107 - watchfiles.main - INFO - 3 changes detected
2025-09-01 10:50:01,585 - watchfiles.main - INFO - 5 changes detected
2025-09-01 10:50:06,416 - watchfiles.main - INFO - 1 change detected
2025-09-01 10:50:12,374 - watchfiles.main - INFO - 5 changes detected
2025-09-01 10:50:21,655 - watchfiles.main - INFO - 1 change detected
2025-09-01 10:50:27,010 - watchfiles.main - INFO - 5 changes detected
2025-09-01 10:50:33,929 - watchfiles.main - INFO - 1 change detected
2025-09-01 10:50:39,861 - watchfiles.main - INFO - 5 changes detected
2025-09-01 10:50:47,325 - watchfiles.main - INFO - 1 change detected
2025-09-01 10:50:52,510 - watchfiles.main - INFO - 5 changes detected
2025-09-01 10:51:20,974 - watchfiles.main - INFO - 1 change detected
2025-09-01 10:51:26,141 - watchfiles.main - INFO - 5 changes detected
2025-09-01 10:52:57,389 - watchfiles.main - INFO - 1 change detected
2025-09-01 10:52:57,865 - watchfiles.main - INFO - 3 changes detected
2025-09-01 10:53:22,774 - watchfiles.main - INFO - 17 changes detected
2025-09-01 10:53:23,243 - watchfiles.main - INFO - 13 changes detected
2025-09-01 10:53:23,923 - watchfiles.main - INFO - 7 changes detected
2025-09-01 10:53:24,816 - watchfiles.main - INFO - 6 changes detected
2025-09-01 10:53:25,182 - watchfiles.main - INFO - 14 changes detected
2025-09-01 10:53:26,423 - watchfiles.main - INFO - 29 changes detected
2025-09-01 10:53:28,337 - watchfiles.main - INFO - 1 change detected
2025-09-01 10:54:26,430 - watchfiles.main - INFO - 13 changes detected
2025-09-01 10:55:22,050 - watchfiles.main - INFO - 3 changes detected
2025-09-01 10:56:22,621 - watchfiles.main - INFO - 1 change detected
2025-09-01 10:56:23,440 - watchfiles.main - INFO - 1 change detected
2025-09-01 10:56:35,324 - watchfiles.main - INFO - 1 change detected
2025-09-01 10:56:57,136 - watchfiles.main - INFO - 8 changes detected
2025-09-01 10:57:02,859 - watchfiles.main - INFO - 1 change detected
2025-09-01 10:57:03,541 - watchfiles.main - INFO - 3 changes detected
2025-09-01 10:57:03,908 - watchfiles.main - INFO - 3 changes detected
2025-09-01 10:57:05,249 - watchfiles.main - INFO - 1 change detected
2025-09-01 10:57:12,718 - watchfiles.main - INFO - 1 change detected
2025-09-01 10:57:21,316 - watchfiles.main - INFO - 6 changes detected
2025-09-01 10:57:28,665 - watchfiles.main - INFO - 1 change detected
2025-09-01 10:57:33,513 - watchfiles.main - INFO - 5 changes detected
2025-09-01 10:57:34,893 - watchfiles.main - INFO - 2 changes detected
2025-09-01 10:57:45,624 - watchfiles.main - INFO - 6 changes detected
2025-09-01 10:57:57,465 - watchfiles.main - INFO - 4 changes detected
2025-09-01 10:57:58,019 - watchfiles.main - INFO - 13 changes detected
2025-09-01 10:58:20,146 - watchfiles.main - INFO - 1 change detected
2025-09-01 10:58:20,775 - watchfiles.main - INFO - 1 change detected
2025-09-01 10:58:21,212 - watchfiles.main - INFO - 1 change detected
2025-09-01 10:58:21,573 - watchfiles.main - INFO - 14 changes detected
2025-09-01 10:58:22,588 - watchfiles.main - INFO - 10 changes detected
2025-09-01 10:58:26,233 - watchfiles.main - INFO - 3 changes detected
2025-09-01 10:58:44,870 - watchfiles.main - INFO - 1 change detected
2025-09-01 10:58:45,395 - watchfiles.main - INFO - 8 changes detected
2025-09-01 10:58:46,428 - watchfiles.main - INFO - 10 changes detected
2025-09-01 10:59:02,151 - watchfiles.main - INFO - 1 change detected
2025-09-01 10:59:02,659 - watchfiles.main - INFO - 8 changes detected
2025-09-01 10:59:03,022 - watchfiles.main - INFO - 2 changes detected
2025-09-01 10:59:03,711 - watchfiles.main - INFO - 7 changes detected
2025-09-01 10:59:05,409 - watchfiles.main - INFO - 3 changes detected
2025-09-01 10:59:10,307 - watchfiles.main - INFO - 1 change detected
2025-09-01 10:59:14,666 - watchfiles.main - INFO - 3 changes detected
2025-09-01 10:59:15,029 - watchfiles.main - INFO - 9 changes detected
2025-09-01 10:59:17,867 - watchfiles.main - INFO - 5 changes detected
2025-09-01 10:59:18,654 - watchfiles.main - INFO - 2 changes detected
2025-09-01 10:59:19,014 - watchfiles.main - INFO - 8 changes detected
2025-09-01 10:59:19,429 - watchfiles.main - INFO - 9 changes detected
2025-09-01 10:59:20,220 - watchfiles.main - INFO - 1 change detected
2025-09-01 10:59:20,596 - watchfiles.main - INFO - 10 changes detected
2025-09-01 10:59:21,012 - watchfiles.main - INFO - 3 changes detected
2025-09-01 10:59:21,483 - watchfiles.main - INFO - 7 changes detected
2025-09-01 10:59:29,739 - watchfiles.main - INFO - 1 change detected
2025-09-01 11:00:03,745 - watchfiles.main - INFO - 1 change detected
2025-09-01 11:00:04,974 - watchfiles.main - INFO - 3 changes detected
2025-09-01 11:00:29,901 - watchfiles.main - INFO - 10 changes detected
2025-09-01 11:00:42,953 - watchfiles.main - INFO - 1 change detected
2025-09-01 11:00:49,305 - watchfiles.main - INFO - 5 changes detected
2025-09-01 11:00:49,669 - watchfiles.main - INFO - 2 changes detected
2025-09-01 11:00:50,517 - watchfiles.main - INFO - 1 change detected
2025-09-01 11:00:55,296 - watchfiles.main - INFO - 5 changes detected
2025-09-01 11:01:05,062 - watchfiles.main - INFO - 1 change detected
2025-09-01 11:01:09,960 - watchfiles.main - INFO - 5 changes detected
2025-09-01 11:01:20,887 - watchfiles.main - INFO - 1 change detected
2025-09-01 11:01:25,478 - watchfiles.main - INFO - 5 changes detected
2025-09-01 11:01:28,699 - watchfiles.main - INFO - 1 change detected
2025-09-01 11:01:32,685 - watchfiles.main - INFO - 5 changes detected
2025-09-01 11:01:36,870 - watchfiles.main - INFO - 1 change detected
2025-09-01 11:01:40,915 - watchfiles.main - INFO - 3 changes detected
2025-09-01 11:01:43,819 - watchfiles.main - INFO - 1 change detected
2025-09-01 11:01:47,785 - watchfiles.main - INFO - 5 changes detected
2025-09-01 11:01:57,097 - watchfiles.main - INFO - 1 change detected
2025-09-01 11:02:02,080 - watchfiles.main - INFO - 5 changes detected
2025-09-01 11:02:07,917 - watchfiles.main - INFO - 1 change detected
2025-09-01 11:02:08,545 - watchfiles.main - INFO - 1 change detected
2025-09-01 11:02:14,799 - watchfiles.main - INFO - 1 change detected
2025-09-01 11:02:24,186 - watchfiles.main - INFO - 2 changes detected
2025-09-01 11:02:28,199 - watchfiles.main - INFO - 5 changes detected
2025-09-01 11:03:05,197 - watchfiles.main - INFO - 1 change detected
2025-09-01 11:03:05,835 - watchfiles.main - INFO - 3 changes detected
2025-09-01 11:08:11,510 - voice-intent - INFO - env_loaded
2025-09-01 11:08:11,539 - voice-intent - INFO - env_loaded
2025-09-01 11:08:11,544 - root - WARNING - ClickSend SMS not configured - missing environment variables or library
2025-09-01 11:08:11,638 - googleapiclient.discovery_cache - INFO - file_cache is only supported with oauth2client<4.0.0
2025-09-01 11:08:11,640 - root - INFO - 📊 Google Sheets CRM initialized: enabled=True, spreadsheet_id=1RyE38G_aluJGkc6SoGGfufl3T9iiRIZCuYU11sTLSTM
2025-09-01 11:08:49,510 - watchfiles.main - INFO - 17 changes detected
2025-09-01 11:08:49,878 - watchfiles.main - INFO - 10 changes detected
2025-09-01 11:08:50,617 - watchfiles.main - INFO - 13 changes detected
2025-09-01 11:08:50,984 - watchfiles.main - INFO - 6 changes detected
2025-09-01 11:08:51,346 - watchfiles.main - INFO - 8 changes detected
2025-09-01 11:08:51,705 - watchfiles.main - INFO - 15 changes detected
2025-09-01 11:08:52,440 - watchfiles.main - INFO - 2 changes detected
2025-09-01 11:08:52,802 - watchfiles.main - INFO - 11 changes detected
2025-09-01 11:08:53,540 - watchfiles.main - INFO - 18 changes detected
2025-09-01 11:08:53,953 - watchfiles.main - INFO - 22 changes detected
2025-09-01 11:08:54,700 - watchfiles.main - INFO - 18 changes detected
2025-09-01 11:08:55,801 - watchfiles.main - INFO - 25 changes detected
2025-09-01 11:09:04,223 - watchfiles.main - INFO - 1 change detected
2025-09-01 11:09:49,085 - watchfiles.main - INFO - 1 change detected
2025-09-01 11:09:49,827 - watchfiles.main - INFO - 3 changes detected
2025-09-01 11:09:50,302 - watchfiles.main - INFO - 3 changes detected
2025-09-01 11:11:28,402 - watchfiles.main - INFO - 1 change detected
2025-09-01 11:11:29,017 - watchfiles.main - INFO - 1 change detected
2025-09-01 11:11:35,499 - watchfiles.main - INFO - 5 changes detected
2025-09-01 11:11:37,360 - watchfiles.main - INFO - 1 change detected
2025-09-01 11:11:42,245 - watchfiles.main - INFO - 1 change detected
2025-09-01 11:35:09,769 - watchfiles.main - INFO - 3 changes detected
2025-09-01 11:35:11,159 - watchfiles.main - INFO - 3 changes detected
2025-09-01 11:35:11,688 - watchfiles.main - INFO - 3 changes detected
2025-09-01 11:35:12,049 - watchfiles.main - INFO - 1 change detected
2025-09-01 11:35:36,570 - watchfiles.main - INFO - 17 changes detected
2025-09-01 11:35:36,955 - watchfiles.main - INFO - 10 changes detected
2025-09-01 11:35:37,634 - watchfiles.main - INFO - 10 changes detected
2025-09-01 11:35:37,994 - watchfiles.main - INFO - 16 changes detected
2025-09-01 11:35:39,056 - watchfiles.main - INFO - 6 changes detected
2025-09-01 11:35:39,422 - watchfiles.main - INFO - 3 changes detected
2025-09-01 11:35:40,212 - watchfiles.main - INFO - 13 changes detected
2025-09-01 11:35:45,256 - watchfiles.main - INFO - 3 changes detected
2025-09-01 11:35:59,835 - watchfiles.main - INFO - 1 change detected
2025-09-01 11:36:00,728 - watchfiles.main - INFO - 14 changes detected
2025-09-01 11:36:01,098 - watchfiles.main - INFO - 2 changes detected
2025-09-01 11:36:01,838 - watchfiles.main - INFO - 7 changes detected
2025-09-01 11:36:16,884 - watchfiles.main - INFO - 1 change detected
2025-09-01 11:36:17,893 - watchfiles.main - INFO - 13 changes detected
2025-09-01 11:36:18,307 - watchfiles.main - INFO - 2 changes detected
2025-09-01 11:36:18,725 - watchfiles.main - INFO - 3 changes detected
2025-09-01 11:36:19,090 - watchfiles.main - INFO - 7 changes detected
2025-09-01 11:36:19,454 - watchfiles.main - INFO - 10 changes detected
2025-09-01 11:36:37,891 - watchfiles.main - INFO - 1 change detected
2025-09-01 11:36:38,262 - watchfiles.main - INFO - 13 changes detected
2025-09-01 11:36:38,626 - watchfiles.main - INFO - 2 changes detected
2025-09-01 11:36:40,027 - watchfiles.main - INFO - 3 changes detected
2025-09-01 11:36:51,135 - watchfiles.main - INFO - 1 change detected
2025-09-01 11:36:51,547 - watchfiles.main - INFO - 10 changes detected
2025-09-01 11:36:52,591 - watchfiles.main - INFO - 7 changes detected
2025-09-01 11:36:53,022 - watchfiles.main - INFO - 16 changes detected
2025-09-01 11:36:54,530 - watchfiles.main - INFO - 3 changes detected
2025-09-01 11:37:39,732 - watchfiles.main - INFO - 1 change detected
2025-09-01 11:37:40,372 - watchfiles.main - INFO - 3 changes detected
2025-09-01 11:40:40,839 - watchfiles.main - INFO - 1 change detected
2025-09-01 11:40:41,481 - watchfiles.main - INFO - 3 changes detected
2025-09-01 11:43:41,890 - watchfiles.main - INFO - 1 change detected
2025-09-01 11:43:42,448 - watchfiles.main - INFO - 3 changes detected
2025-09-01 14:33:15,333 - watchfiles.main - INFO - 1 change detected
2025-09-01 14:33:17,546 - watchfiles.main - INFO - 3 changes detected
2025-09-01 14:54:49,345 - watchfiles.main - INFO - 1 change detected
2025-09-01 14:54:49,730 - watchfiles.main - INFO - 3 changes detected
2025-09-01 14:55:00,623 - watchfiles.main - INFO - 1 change detected
2025-09-01 14:55:01,542 - watchfiles.main - INFO - 8 changes detected
2025-09-01 14:55:01,933 - watchfiles.main - INFO - 9 changes detected
2025-09-01 14:55:02,986 - watchfiles.main - INFO - 10 changes detected
2025-09-01 14:55:20,905 - watchfiles.main - INFO - 3 changes detected
